{
  "RSpec": {
    "coverage": {
      "/Users/becky/work/oystercard_challenge/spec/feature_tests_spec.rb": [
        1,
        null,
        1,
        1,
        null,
        1,
        null,
        null,
        null
      ],
      "/Users/becky/work/oystercard_challenge/lib/oystercard.rb": [
        1,
        null,
        1,
        1,
        1,
        1,
        1,
        1,
        null,
        1,
        10,
        10,
        10,
        null,
        null,
        1,
        6,
        5,
        null,
        null,
        1,
        null,
        3,
        2,
        2,
        2,
        null,
        null,
        1,
        3,
        3,
        3,
        null,
        null,
        1,
        7,
        null,
        null,
        1,
        1,
        null,
        null,
        1,
        null,
        1,
        2,
        2,
        null,
        null,
        1,
        3,
        3,
        null,
        null,
        1,
        3,
        null,
        null
      ],
      "/Users/becky/work/oystercard_challenge/lib/station.rb": [
        1,
        1,
        null,
        1,
        2,
        2,
        null,
        null
      ],
      "/Users/becky/work/oystercard_challenge/spec/oystercard_spec.rb": [
        1,
        null,
        1,
        null,
        1,
        2,
        null,
        null,
        1,
        1,
        1,
        null,
        null,
        null,
        1,
        1,
        1,
        null,
        null,
        null,
        1,
        4,
        null,
        1,
        1,
        2,
        null,
        null,
        1,
        1,
        1,
        null,
        null,
        1,
        1,
        1,
        null,
        null,
        null,
        1,
        2,
        null,
        null,
        null,
        1,
        4,
        null,
        1,
        1,
        1,
        null,
        null,
        1,
        1,
        2,
        null,
        1,
        4,
        null,
        null,
        1,
        4,
        null,
        null,
        null,
        null,
        1,
        1,
        1,
        1,
        null,
        null,
        null
      ],
      "/Users/becky/work/oystercard_challenge/spec/station_spec.rb": [
        1,
        null,
        1,
        null,
        3,
        null,
        null,
        1,
        1,
        null,
        null,
        1,
        1,
        null,
        null
      ]
    },
    "timestamp": 1534502009
  }
}
